<?xml version="1.0" encoding="UTF-8"?>
<!-- Generated by org.testng.reporters.JUnitReportReporter -->
<testsuite hostname="Aspire1494" name="com.TAFrameworkJAVA.testscripts.demo.AspireTA_Java_Framework_PrefTest_Demo" tests="1" failures="0" timestamp="25 Aug 2016 10:00:02 GMT" time="25.556" errors="0">
  <testcase name="tcTAFrameworkPrefTestDemo01" time="25.556" classname="com.TAFrameworkJAVA.testscripts.demo.AspireTA_Java_Framework_PrefTest_Demo"/>
</testsuite> <!-- com.TAFrameworkJAVA.testscripts.demo.AspireTA_Java_Framework_PrefTest_Demo -->
