<?xml version="1.0" encoding="UTF-8"?>
<!-- Generated by org.testng.reporters.JUnitReportReporter -->
<testsuite hostname="aspire1265" name="com.TAFrameworkJAVA.apptestscripts.demo.AspireTA_Java_Framework_Demo" tests="1" failures="0" timestamp="13 Jul 2018 10:34:32 GMT" time="0.002" errors="1">
  <testcase name="tcTAFrameworkJAVADemo01" time="0.002" classname="com.TAFrameworkJAVA.apptestscripts.demo.AspireTA_Java_Framework_Demo">
    <error type="java.lang.RuntimeException" message="Unable to create driver session with given URL and DesiredCapabilities : Could not start a new session. Possible causes are invalid address of the remote server or browser start-up failure.
Build info: version: &#039;2.53.1&#039;, revision: &#039;a36b8b1cd5757287168e54b817830adce9b0158d&#039;, time: &#039;2016-06-30 19:26:09&#039;
System info: host: &#039;aspire1265&#039;, ip: &#039;172.24.133.168&#039;, os.name: &#039;Windows 8.1&#039;, os.arch: &#039;amd64&#039;, os.version: &#039;6.3&#039;, java.version: &#039;1.8.0_77&#039;
Driver info: driver.version: AndroidDriver">
      <![CDATA[java.lang.RuntimeException: Unable to create driver session with given URL and DesiredCapabilities : Could not start a new session. Possible causes are invalid address of the remote server or browser start-up failure.
Build info: version: '2.53.1', revision: 'a36b8b1cd5757287168e54b817830adce9b0158d', time: '2016-06-30 19:26:09'
System info: host: 'aspire1265', ip: '172.24.133.168', os.name: 'Windows 8.1', os.arch: 'amd64', os.version: '6.3', java.version: '1.8.0_77'
Driver info: driver.version: AndroidDriver
	at com.TAFrameworkJAVA.support.AppiumDriverFactory.getAppiumDriver(AppiumDriverFactory.java:412)
	at com.TAFrameworkJAVA.support.AppiumDriverFactory.get(AppiumDriverFactory.java:154)
	at com.TAFrameworkJAVA.support.AppiumDriverFactory.get(AppiumDriverFactory.java:125)
	at com.TAFrameworkJAVA.apptestscripts.demo.AspireTA_Java_Framework_Demo.tcTAFrameworkJAVADemo01(AspireTA_Java_Framework_Demo.java:41)
	at sun.reflect.NativeMethodAccessorImpl.invoke0(Native Method)
	at sun.reflect.NativeMethodAccessorImpl.invoke(NativeMethodAccessorImpl.java:62)
	at sun.reflect.DelegatingMethodAccessorImpl.invoke(DelegatingMethodAccessorImpl.java:43)
	at java.lang.reflect.Method.invoke(Method.java:498)
	at org.testng.internal.MethodInvocationHelper.invokeMethod(MethodInvocationHelper.java:85)
	at org.testng.internal.Invoker.invokeMethod(Invoker.java:659)
	at org.testng.internal.Invoker.invokeTestMethod(Invoker.java:845)
	at org.testng.internal.TestMethodWithDataProviderMethodWorker.call(TestMethodWithDataProviderMethodWorker.java:75)
	at org.testng.internal.TestMethodWithDataProviderMethodWorker.call(TestMethodWithDataProviderMethodWorker.java:14)
	at java.util.concurrent.FutureTask.run(FutureTask.java:266)
	at java.util.concurrent.Executors$RunnableAdapter.call(Executors.java:511)
	at java.util.concurrent.FutureTask.run(FutureTask.java:266)
	at java.util.concurrent.ThreadPoolExecutor.runWorker(ThreadPoolExecutor.java:1142)
	at java.util.concurrent.ThreadPoolExecutor$Worker.run(ThreadPoolExecutor.java:617)
	at java.lang.Thread.run(Thread.java:745)
]]>
    </error>
  </testcase> <!-- tcTAFrameworkJAVADemo01 -->
</testsuite> <!-- com.TAFrameworkJAVA.apptestscripts.demo.AspireTA_Java_Framework_Demo -->
