<?xml version="1.0" encoding="UTF-8"?>
<!-- Generated by org.testng.reporters.JUnitReportReporter -->
<testsuite hostname="aspire1265" name="com.igenico.testscripts.AspireTA_Java_Framework_Demo" tests="1" failures="0" timestamp="25 Jul 2018 18:39:04 GMT" time="18.246" errors="0">
  <testcase name="TcHostedCheckout001" time="18.246" classname="com.igenico.testscripts.AspireTA_Java_Framework_Demo"/>
</testsuite> <!-- com.igenico.testscripts.AspireTA_Java_Framework_Demo -->
