<?xml version="1.0" encoding="UTF-8"?>
<!-- Generated by org.testng.reporters.JUnitReportReporter -->
<testsuite hostname="aspire1265" name="com.TAFrameworkJAVA.testscripts.demo.AspireTA_Java_Framework_RestAPI_Demo" tests="1" failures="0" timestamp="24 Jul 2018 09:41:09 GMT" time="39.776" errors="0">
  <testcase name="getAuthenticationToken" time="39.776" classname="com.TAFrameworkJAVA.testscripts.demo.AspireTA_Java_Framework_RestAPI_Demo"/>
</testsuite> <!-- com.TAFrameworkJAVA.testscripts.demo.AspireTA_Java_Framework_RestAPI_Demo -->
