<?xml version="1.0" encoding="UTF-8"?>
<!-- Generated by org.testng.reporters.JUnitReportReporter -->
<testsuite hostname="aspire1265" name="com.TAFrameworkJAVA.CucumberTest.Runner.TestRunner" tests="1" failures="0" timestamp="17 Jul 2018 14:29:02 GMT" time="0.017" errors="0">
  <testcase name="feature" time="0.017" classname="com.TAFrameworkJAVA.CucumberTest.Runner.TestRunner"/>
</testsuite> <!-- com.TAFrameworkJAVA.CucumberTest.Runner.TestRunner -->
